# JRE version: OpenJDK Runtime Environment (11.0.11+9) (build 11.0.11+9-b60-7590822)
# Java VM: OpenJDK 64-Bit Server VM (11.0.11+9-b60-7590822, mixed mode, tiered, compressed oops, g1 gc, windows-amd64)
Heap:
 garbage-first heap   total 519168K, used 222528K [0x0000000080000000, 0x0000000100000000)
  region size 1024K, 8 young (8192K), 8 survivors (8192K)
 Metaspace       used 119410K, capacity 122363K, committed 122880K, reserved 1155072K
  class space    used 15012K, capacity 16160K, committed 16384K, reserved 1048576K
GC Heap History (20 events):
Event: 253.749 GC heap after
{Heap after GC invocations=98 (full 0):
 garbage-first heap   total 189440K, used 169712K [0x0000000080000000, 0x0000000100000000)
  region size 1024K, 2 young (2048K), 2 survivors (2048K)
 Metaspace       used 118799K, capacity 121754K, committed 122368K, reserved 1155072K
  class space    used 14998K, capacity 16165K, committed 16384K, reserved 1048576K
}
Event: 253.910 GC heap before
{Heap before GC invocations=98 (full 0):
 garbage-first heap   total 189440K, used 176880K [0x0000000080000000, 0x0000000100000000)
  region size 1024K, 9 young (9216K), 2 survivors (2048K)
 Metaspace       used 118799K, capacity 121754K, committed 122368K, reserved 1155072K
  class space    used 14998K, capacity 16165K, committed 16384K, reserved 1048576K
}
Event: 253.921 GC heap after
{Heap after GC invocations=99 (full 0):
 garbage-first heap   total 189440K, used 173805K [0x0000000080000000, 0x0000000100000000)
  region size 1024K, 2 young (2048K), 2 survivors (2048K)
 Metaspace       used 118799K, capacity 121754K, committed 122368K, reserved 1155072K
  class space    used 14998K, capacity 16165K, committed 16384K, reserved 1048576K
}
Event: 253.987 GC heap before
{Heap before GC invocations=99 (full 0):
 garbage-first heap   total 189440K, used 180973K [0x0000000080000000, 0x0000000100000000)
  region size 1024K, 9 young (9216K), 2 survivors (2048K)
 Metaspace       used 118799K, capacity 121754K, committed 122368K, reserved 1155072K
  class space    used 14998K, capacity 16165K, committed 16384K, reserved 1048576K
}
Event: 254.004 GC heap after
{Heap after GC invocations=100 (full 0):
 garbage-first heap   total 189440K, used 177892K [0x0000000080000000, 0x0000000100000000)
  region size 1024K, 2 young (2048K), 2 survivors (2048K)
 Metaspace       used 118799K, capacity 121754K, committed 122368K, reserved 1155072K
  class space    used 14998K, capacity 16165K, committed 16384K, reserved 1048576K
}
Event: 254.380 GC heap before
{Heap before GC invocations=100 (full 0):
 garbage-first heap   total 189440K, used 184036K [0x0000000080000000, 0x0000000100000000)
  region size 1024K, 9 young (9216K), 2 survivors (2048K)
 Metaspace       used 118572K, capacity 121383K, committed 122368K, reserved 1155072K
  class space    used 14920K, capacity 16029K, committed 16384K, reserved 1048576K
}
Event: 254.390 GC heap after
{Heap after GC invocations=101 (full 0):
 garbage-first heap   total 191488K, used 181782K [0x0000000080000000, 0x0000000100000000)
  region size 1024K, 2 young (2048K), 2 survivors (2048K)
 Metaspace       used 118572K, capacity 121383K, committed 122368K, reserved 1155072K
  class space    used 14920K, capacity 16029K, committed 16384K, reserved 1048576K
}
Event: 254.637 GC heap before
{Heap before GC invocations=102 (full 0):
 garbage-first heap   total 191488K, used 188950K [0x0000000080000000, 0x0000000100000000)
  region size 1024K, 9 young (9216K), 2 survivors (2048K)
 Metaspace       used 118704K, capacity 121537K, committed 122368K, reserved 1155072K
  class space    used 14928K, capacity 16034K, committed 16384K, reserved 1048576K
}
Event: 254.659 GC heap after
{Heap after GC invocations=103 (full 0):
 garbage-first heap   total 193536K, used 183692K [0x0000000080000000, 0x0000000100000000)
  region size 1024K, 2 young (2048K), 2 survivors (2048K)
 Metaspace       used 118704K, capacity 121537K, committed 122368K, reserved 1155072K
  class space    used 14928K, capacity 16034K, committed 16384K, reserved 1048576K
}
Event: 254.743 GC heap before
{Heap before GC invocations=103 (full 0):
 garbage-first heap   total 193536K, used 190860K [0x0000000080000000, 0x0000000100000000)
  region size 1024K, 9 young (9216K), 2 survivors (2048K)
 Metaspace       used 118704K, capacity 121537K, committed 122368K, reserved 1155072K
  class space    used 14928K, capacity 16034K, committed 16384K, reserved 1048576K
}
Event: 254.772 GC heap after
{Heap after GC invocations=104 (full 0):
 garbage-first heap   total 196608K, used 183250K [0x0000000080000000, 0x0000000100000000)
  region size 1024K, 2 young (2048K), 2 survivors (2048K)
 Metaspace       used 118704K, capacity 121537K, committed 122368K, reserved 1155072K
  class space    used 14928K, capacity 16034K, committed 16384K, reserved 1048576K
}
Event: 255.570 GC heap before
{Heap before GC invocations=104 (full 0):
 garbage-first heap   total 196608K, used 190418K [0x0000000080000000, 0x0000000100000000)
  region size 1024K, 9 young (9216K), 2 survivors (2048K)
 Metaspace       used 118922K, capacity 121848K, committed 122368K, reserved 1155072K
  class space    used 14979K, capacity 16116K, committed 16384K, reserved 1048576K
}
Event: 255.595 GC heap after
{Heap after GC invocations=105 (full 0):
 garbage-first heap   total 362496K, used 183738K [0x0000000080000000, 0x0000000100000000)
  region size 1024K, 1 young (1024K), 1 survivors (1024K)
 Metaspace       used 118922K, capacity 121848K, committed 122368K, reserved 1155072K
  class space    used 14979K, capacity 16116K, committed 16384K, reserved 1048576K
}
Event: 257.095 GC heap before
{Heap before GC invocations=106 (full 0):
 garbage-first heap   total 362496K, used 223674K [0x0000000080000000, 0x0000000100000000)
  region size 1024K, 48 young (49152K), 1 survivors (1024K)
 Metaspace       used 119226K, capacity 122184K, committed 122624K, reserved 1155072K
  class space    used 15009K, capacity 16155K, committed 16384K, reserved 1048576K
}
Event: 257.112 GC heap after
{Heap after GC invocations=107 (full 0):
 garbage-first heap   total 362496K, used 180057K [0x0000000080000000, 0x0000000100000000)
  region size 1024K, 5 young (5120K), 5 survivors (5120K)
 Metaspace       used 119226K, capacity 122184K, committed 122624K, reserved 1155072K
  class space    used 15009K, capacity 16155K, committed 16384K, reserved 1048576K
}
Event: 257.358 GC heap before
{Heap before GC invocations=107 (full 0):
 garbage-first heap   total 362496K, used 194393K [0x0000000080000000, 0x0000000100000000)
  region size 1024K, 17 young (17408K), 5 survivors (5120K)
 Metaspace       used 119234K, capacity 122184K, committed 122624K, reserved 1155072K
  class space    used 15009K, capacity 16155K, committed 16384K, reserved 1048576K
}
Event: 257.381 GC heap after
{Heap after GC invocations=108 (full 0):
 garbage-first heap   total 362496K, used 181748K [0x0000000080000000, 0x0000000100000000)
  region size 1024K, 2 young (2048K), 2 survivors (2048K)
 Metaspace       used 119234K, capacity 122184K, committed 122624K, reserved 1155072K
  class space    used 15009K, capacity 16155K, committed 16384K, reserved 1048576K
}
Event: 259.425 GC heap before
{Heap before GC invocations=108 (full 0):
 garbage-first heap   total 362496K, used 250356K [0x0000000080000000, 0x0000000100000000)
  region size 1024K, 57 young (58368K), 2 survivors (2048K)
 Metaspace       used 119311K, capacity 122266K, committed 122624K, reserved 1155072K
  class space    used 15012K, capacity 16160K, committed 16384K, reserved 1048576K
}
Event: 259.452 GC heap after
{Heap after GC invocations=109 (full 0):
 garbage-first heap   total 362496K, used 199891K [0x0000000080000000, 0x0000000100000000)
  region size 1024K, 7 young (7168K), 7 survivors (7168K)
 Metaspace       used 119311K, capacity 122266K, committed 122624K, reserved 1155072K
  class space    used 15012K, capacity 16160K, committed 16384K, reserved 1048576K
}
Event: 260.208 GC heap before
{Heap before GC invocations=109 (full 0):
 garbage-first heap   total 362496K, used 269523K [0x0000000080000000, 0x0000000100000000)
  region size 1024K, 61 young (62464K), 7 survivors (7168K)
 Metaspace       used 119410K, capacity 122363K, committed 122880K, reserved 1155072K
  class space    used 15012K, capacity 16160K, committed 16384K, reserved 1048576K
}

